<?xml version="1.0" encoding="UTF-8"?>
<!-- Generated by org.testng.reporters.JUnitReportReporter -->
<testsuite skipped="0" hostname="ASUS-VIVOBOOK" name="AddPlace.SumValidation" tests="1" failures="0" timestamp="2020-05-13T01:48:29 IST" time="1.382" errors="0">
  <testcase name="sumValidation" time="1.382" classname="AddPlace.SumValidation"/>
  <system-out/>
</testsuite> <!-- AddPlace.SumValidation -->
