<?xml version="1.0" encoding="UTF-8"?>
<!-- Generated by org.testng.reporters.JUnitReportReporter -->
<testsuite skipped="0" hostname="ASUS-VIVOBOOK" name="AddPlace.DynamicJson" tests="4" failures="0" timestamp="2020-05-15T19:04:12 IST" time="5.295" errors="0">
  <testcase name="addbook" time="1.330" classname="AddPlace.DynamicJson"/>
  <system-out/>
  <testcase name="addbook" time="2.972" classname="AddPlace.DynamicJson"/>
  <system-out/>
  <testcase name="removeBook" time="0.251" classname="AddPlace.DynamicJson"/>
  <system-out/>
  <testcase name="removeBook" time="0.742" classname="AddPlace.DynamicJson"/>
  <system-out/>
</testsuite> <!-- AddPlace.DynamicJson -->
