<?xml version="1.0" encoding="UTF-8"?>
<!-- Generated by org.testng.reporters.JUnitReportReporter -->
<testsuite skipped="0" hostname="ASUS-VIVOBOOK" name="AddPlace.deleteBook" tests="1" failures="0" timestamp="2020-05-15T17:44:30 IST" time="3.799" errors="0">
  <testcase name="removeBook" time="3.799" classname="AddPlace.deleteBook"/>
  <system-out/>
</testsuite> <!-- AddPlace.deleteBook -->
