<?xml version="1.0" encoding="UTF-8"?>
<!-- Generated by org.testng.reporters.JUnitReportReporter -->
<testsuite skipped="0" hostname="ASUS-VIVOBOOK" name="AddPlace.StaticJson" tests="1" failures="0" timestamp="2020-05-16T19:41:05 IST" time="3.243" errors="0">
  <testcase name="addBook" time="3.243" classname="AddPlace.StaticJson"/>
  <system-out/>
</testsuite> <!-- AddPlace.StaticJson -->
